Name            Stmts   Miss  Cover   Missing
---------------------------------------------
model.py           18      0   100%
test_model.py     102      0   100%
---------------------------------------------
TOTAL             120      0   100%
Name                Stmts   Miss  Cover   Missing
-------------------------------------------------
generator.py           22      2    91%   25-26
test_generator.py      87      0   100%
-------------------------------------------------
TOTAL                 109      2    98%
